This file contains any messages produced by compilers while
running configure, to aid debugging if configure makes a mistake.

It was created by spate configure 1.0.0, which was
generated by GNU Autoconf 2.63.  Invocation command line was

  $ ./configure 

## --------- ##
## Platform. ##
## --------- ##

hostname = fargo
uname -m = x86_64
uname -r = 2.6.32-431.el6.x86_64
uname -s = Linux
uname -v = #1 SMP Fri Nov 22 03:15:09 UTC 2013

/usr/bin/uname -p = unknown
/bin/uname -X     = unknown

/bin/arch              = x86_64
/usr/bin/arch -k       = unknown
/usr/convex/getsysinfo = unknown
/usr/bin/hostinfo      = unknown
/bin/machine           = unknown
/usr/bin/oslevel       = unknown
/bin/universe          = unknown

PATH: /usr/lib64/qt-3.3/bin
PATH: /usr/local/sbin
PATH: /usr/sbin
PATH: /sbin
PATH: /usr/local/bin
PATH: /usr/bin
PATH: /bin
PATH: /root/bin


## ----------- ##
## Core tests. ##
## ----------- ##

configure:1871: checking for a BSD-compatible install
configure:1939: result: /usr/bin/install -c
configure:1950: checking whether build environment is sane
configure:2010: result: yes
configure:2151: checking for a thread-safe mkdir -p
configure:2190: result: /bin/mkdir -p
configure:2203: checking for gawk
configure:2219: found /usr/bin/gawk
configure:2230: result: gawk
configure:2241: checking whether make sets $(MAKE)
configure:2263: result: yes
configure:2486: creating ./config.status

## ---------------------- ##
## Running config.status. ##
## ---------------------- ##

This file was extended by spate config.status 1.0.0, which was
generated by GNU Autoconf 2.63.  Invocation command line was

  CONFIG_FILES    = 
  CONFIG_HEADERS  = 
  CONFIG_LINKS    = 
  CONFIG_COMMANDS = 
  $ ./config.status 

on fargo

config.status:683: creating Makefile
config.status:683: creating src/Makefile
config.status:683: creating man/Makefile
configure:3527: checking for gcc
configure:3543: found /usr/bin/gcc
configure:3554: result: gcc
configure:3786: checking for C compiler version
configure:3794: gcc --version >&5
gcc (GCC) 4.4.7 20120313 (Red Hat 4.4.7-4)
Copyright (C) 2010 Free Software Foundation, Inc.
This is free software; see the source for copying conditions.  There is NO
warranty; not even for MERCHANTABILITY or FITNESS FOR A PARTICULAR PURPOSE.

configure:3798: $? = 0
configure:3805: gcc -v >&5
Using built-in specs.
Target: x86_64-redhat-linux
Configured with: ../configure --prefix=/usr --mandir=/usr/share/man --infodir=/usr/share/info --with-bugurl=http://bugzilla.redhat.com/bugzilla --enable-bootstrap --enable-shared --enable-threads=posix --enable-checking=release --with-system-zlib --enable-__cxa_atexit --disable-libunwind-exceptions --enable-gnu-unique-object --enable-languages=c,c++,objc,obj-c++,java,fortran,ada --enable-java-awt=gtk --disable-dssi --with-java-home=/usr/lib/jvm/java-1.5.0-gcj-1.5.0.0/jre --enable-libgcj-multifile --enable-java-maintainer-mode --with-ecj-jar=/usr/share/java/eclipse-ecj.jar --disable-libjava-multilib --with-ppl --with-cloog --with-tune=generic --with-arch_32=i686 --build=x86_64-redhat-linux
Thread model: posix
gcc version 4.4.7 20120313 (Red Hat 4.4.7-4) (GCC) 
configure:3809: $? = 0
configure:3816: gcc -V >&5
gcc: '-V' option must have argument
configure:3820: $? = 1
configure:3843: checking for C compiler default output file name
configure:3865: gcc    conftest.c  >&5
configure:3869: $? = 0
configure:3907: result: a.out
configure:3926: checking whether the C compiler works
configure:3936: ./a.out
configure:3940: $? = 0
configure:3959: result: yes
configure:3966: checking whether we are cross compiling
configure:3968: result: no
configure:3971: checking for suffix of executables
configure:3978: gcc -o conftest    conftest.c  >&5
configure:3982: $? = 0
configure:4008: result: 
configure:4014: checking for suffix of object files
configure:4040: gcc -c   conftest.c >&5
configure:4044: $? = 0
configure:4069: result: o
configure:4073: checking whether we are using the GNU C compiler
configure:4102: gcc -c   conftest.c >&5
configure:4109: $? = 0
configure:4126: result: yes
configure:4135: checking whether gcc accepts -g
configure:4165: gcc -c -g  conftest.c >&5
configure:4172: $? = 0
configure:4273: result: yes
configure:4290: checking for gcc option to accept ISO C89
configure:4364: gcc  -c -g -O2  conftest.c >&5
configure:4371: $? = 0
configure:4394: result: none needed
configure:4423: checking for style of include used by make
configure:4451: result: GNU
configure:4476: checking dependency style of gcc
configure:4586: result: gcc3
configure:4615: checking for a BSD-compatible install
configure:4683: result: /usr/bin/install -c
configure:4698: checking for pthread_create in -lpthread
configure:4733: gcc -o conftest -g -O2   conftest.c -lpthread   >&5
configure:4740: $? = 0
configure:4761: result: yes
configure:4779: checking how to run the C preprocessor
configure:4819: gcc -E  conftest.c
configure:4826: $? = 0
configure:4857: gcc -E  conftest.c
conftest.c:11:28: error: ac_nonexistent.h: No such file or directory
configure:4864: $? = 1
configure: failed program was:
| /* confdefs.h.  */
| #define PACKAGE_NAME "spate"
| #define PACKAGE_TARNAME "spate"
| #define PACKAGE_VERSION "1.0.0"
| #define PACKAGE_STRING "spate 1.0.0"
| #define PACKAGE_BUGREPORT "eddybliznuk@gmail.com"
| #define PACKAGE "spate"
| #define VERSION "1.0.0"
| #define HAVE_LIBPTHREAD 1
| /* end confdefs.h.  */
| #include <ac_nonexistent.h>
configure:4897: result: gcc -E
configure:4926: gcc -E  conftest.c
configure:4933: $? = 0
configure:4964: gcc -E  conftest.c
conftest.c:11:28: error: ac_nonexistent.h: No such file or directory
configure:4971: $? = 1
configure: failed program was:
| /* confdefs.h.  */
| #define PACKAGE_NAME "spate"
| #define PACKAGE_TARNAME "spate"
| #define PACKAGE_VERSION "1.0.0"
| #define PACKAGE_STRING "spate 1.0.0"
| #define PACKAGE_BUGREPORT "eddybliznuk@gmail.com"
| #define PACKAGE "spate"
| #define VERSION "1.0.0"
| #define HAVE_LIBPTHREAD 1
| /* end confdefs.h.  */
| #include <ac_nonexistent.h>
configure:5011: checking for grep that handles long lines and -e
configure:5071: result: /bin/grep
configure:5076: checking for egrep
configure:5140: result: /bin/grep -E
configure:5145: checking for ANSI C header files
configure:5175: gcc -c -g -O2  conftest.c >&5
configure:5182: $? = 0
configure:5281: gcc -o conftest -g -O2   conftest.c -lpthread  >&5
configure:5285: $? = 0
configure:5291: ./conftest
configure:5295: $? = 0
configure:5313: result: yes
configure:5337: checking for sys/types.h
configure:5358: gcc -c -g -O2  conftest.c >&5
configure:5365: $? = 0
configure:5382: result: yes
configure:5337: checking for sys/stat.h
configure:5358: gcc -c -g -O2  conftest.c >&5
configure:5365: $? = 0
configure:5382: result: yes
configure:5337: checking for stdlib.h
configure:5358: gcc -c -g -O2  conftest.c >&5
configure:5365: $? = 0
configure:5382: result: yes
configure:5337: checking for string.h
configure:5358: gcc -c -g -O2  conftest.c >&5
configure:5365: $? = 0
configure:5382: result: yes
configure:5337: checking for memory.h
configure:5358: gcc -c -g -O2  conftest.c >&5
configure:5365: $? = 0
configure:5382: result: yes
configure:5337: checking for strings.h
configure:5358: gcc -c -g -O2  conftest.c >&5
configure:5365: $? = 0
configure:5382: result: yes
configure:5337: checking for inttypes.h
configure:5358: gcc -c -g -O2  conftest.c >&5
configure:5365: $? = 0
configure:5382: result: yes
configure:5337: checking for stdint.h
configure:5358: gcc -c -g -O2  conftest.c >&5
configure:5365: $? = 0
configure:5382: result: yes
configure:5337: checking for unistd.h
configure:5358: gcc -c -g -O2  conftest.c >&5
configure:5365: $? = 0
configure:5382: result: yes
configure:5422: checking arpa/inet.h usability
configure:5439: gcc -c -g -O2  conftest.c >&5
configure:5446: $? = 0
configure:5460: result: yes
configure:5464: checking arpa/inet.h presence
configure:5479: gcc -E  conftest.c
configure:5486: $? = 0
configure:5500: result: yes
configure:5533: checking for arpa/inet.h
configure:5542: result: yes
configure:5422: checking fcntl.h usability
configure:5439: gcc -c -g -O2  conftest.c >&5
configure:5446: $? = 0
configure:5460: result: yes
configure:5464: checking fcntl.h presence
configure:5479: gcc -E  conftest.c
configure:5486: $? = 0
configure:5500: result: yes
configure:5533: checking for fcntl.h
configure:5542: result: yes
configure:5422: checking netdb.h usability
configure:5439: gcc -c -g -O2  conftest.c >&5
configure:5446: $? = 0
configure:5460: result: yes
configure:5464: checking netdb.h presence
configure:5479: gcc -E  conftest.c
configure:5486: $? = 0
configure:5500: result: yes
configure:5533: checking for netdb.h
configure:5542: result: yes
configure:5422: checking netinet/in.h usability
configure:5439: gcc -c -g -O2  conftest.c >&5
configure:5446: $? = 0
configure:5460: result: yes
configure:5464: checking netinet/in.h presence
configure:5479: gcc -E  conftest.c
configure:5486: $? = 0
configure:5500: result: yes
configure:5533: checking for netinet/in.h
configure:5542: result: yes
configure:5422: checking stddef.h usability
configure:5439: gcc -c -g -O2  conftest.c >&5
configure:5446: $? = 0
configure:5460: result: yes
configure:5464: checking stddef.h presence
configure:5479: gcc -E  conftest.c
configure:5486: $? = 0
configure:5500: result: yes
configure:5533: checking for stddef.h
configure:5542: result: yes
configure:5411: checking for stdint.h
configure:5418: result: yes
configure:5411: checking for stdlib.h
configure:5418: result: yes
configure:5411: checking for string.h
configure:5418: result: yes
configure:5422: checking sys/socket.h usability
configure:5439: gcc -c -g -O2  conftest.c >&5
configure:5446: $? = 0
configure:5460: result: yes
configure:5464: checking sys/socket.h presence
configure:5479: gcc -E  conftest.c
configure:5486: $? = 0
configure:5500: result: yes
configure:5533: checking for sys/socket.h
configure:5542: result: yes
configure:5422: checking sys/time.h usability
configure:5439: gcc -c -g -O2  conftest.c >&5
configure:5446: $? = 0
configure:5460: result: yes
configure:5464: checking sys/time.h presence
configure:5479: gcc -E  conftest.c
configure:5486: $? = 0
configure:5500: result: yes
configure:5533: checking for sys/time.h
configure:5542: result: yes
configure:5411: checking for unistd.h
configure:5418: result: yes
configure:5559: checking for inline
configure:5585: gcc -c -g -O2  conftest.c >&5
configure:5592: $? = 0
configure:5610: result: inline
configure:5630: checking for int64_t
configure:5661: gcc -c -g -O2  conftest.c >&5
configure:5668: $? = 0
configure:5697: gcc -c -g -O2  conftest.c >&5
conftest.c: In function 'main':
conftest.c:69: warning: integer overflow in expression
conftest.c:69: error: size of array 'test_array' is negative
configure:5704: $? = 1
configure: failed program was:
| /* confdefs.h.  */
| #define PACKAGE_NAME "spate"
| #define PACKAGE_TARNAME "spate"
| #define PACKAGE_VERSION "1.0.0"
| #define PACKAGE_STRING "spate 1.0.0"
| #define PACKAGE_BUGREPORT "eddybliznuk@gmail.com"
| #define PACKAGE "spate"
| #define VERSION "1.0.0"
| #define HAVE_LIBPTHREAD 1
| #define STDC_HEADERS 1
| #define HAVE_SYS_TYPES_H 1
| #define HAVE_SYS_STAT_H 1
| #define HAVE_STDLIB_H 1
| #define HAVE_STRING_H 1
| #define HAVE_MEMORY_H 1
| #define HAVE_STRINGS_H 1
| #define HAVE_INTTYPES_H 1
| #define HAVE_STDINT_H 1
| #define HAVE_UNISTD_H 1
| #define HAVE_ARPA_INET_H 1
| #define HAVE_FCNTL_H 1
| #define HAVE_NETDB_H 1
| #define HAVE_NETINET_IN_H 1
| #define HAVE_STDDEF_H 1
| #define HAVE_STDINT_H 1
| #define HAVE_STDLIB_H 1
| #define HAVE_STRING_H 1
| #define HAVE_SYS_SOCKET_H 1
| #define HAVE_SYS_TIME_H 1
| #define HAVE_UNISTD_H 1
| /* end confdefs.h.  */
| #include <stdio.h>
| #ifdef HAVE_SYS_TYPES_H
| # include <sys/types.h>
| #endif
| #ifdef HAVE_SYS_STAT_H
| # include <sys/stat.h>
| #endif
| #ifdef STDC_HEADERS
| # include <stdlib.h>
| # include <stddef.h>
| #else
| # ifdef HAVE_STDLIB_H
| #  include <stdlib.h>
| # endif
| #endif
| #ifdef HAVE_STRING_H
| # if !defined STDC_HEADERS && defined HAVE_MEMORY_H
| #  include <memory.h>
| # endif
| # include <string.h>
| #endif
| #ifdef HAVE_STRINGS_H
| # include <strings.h>
| #endif
| #ifdef HAVE_INTTYPES_H
| # include <inttypes.h>
| #endif
| #ifdef HAVE_STDINT_H
| # include <stdint.h>
| #endif
| #ifdef HAVE_UNISTD_H
| # include <unistd.h>
| #endif
| int
| main ()
| {
| static int test_array [1 - 2 * !((int64_t) ((((int64_t) 1 << (64 - 2)) - 1) * 2 + 1)
| 		 < (int64_t) ((((int64_t) 1 << (64 - 2)) - 1) * 2 + 2))];
| test_array [0] = 0
| 
|   ;
|   return 0;
| }
configure:5733: result: yes
configure:5745: checking for size_t
configure:5773: gcc -c -g -O2  conftest.c >&5
configure:5780: $? = 0
configure:5807: gcc -c -g -O2  conftest.c >&5
conftest.c: In function 'main':
conftest.c:68: error: expected expression before ')' token
configure:5814: $? = 1
configure: failed program was:
| /* confdefs.h.  */
| #define PACKAGE_NAME "spate"
| #define PACKAGE_TARNAME "spate"
| #define PACKAGE_VERSION "1.0.0"
| #define PACKAGE_STRING "spate 1.0.0"
| #define PACKAGE_BUGREPORT "eddybliznuk@gmail.com"
| #define PACKAGE "spate"
| #define VERSION "1.0.0"
| #define HAVE_LIBPTHREAD 1
| #define STDC_HEADERS 1
| #define HAVE_SYS_TYPES_H 1
| #define HAVE_SYS_STAT_H 1
| #define HAVE_STDLIB_H 1
| #define HAVE_STRING_H 1
| #define HAVE_MEMORY_H 1
| #define HAVE_STRINGS_H 1
| #define HAVE_INTTYPES_H 1
| #define HAVE_STDINT_H 1
| #define HAVE_UNISTD_H 1
| #define HAVE_ARPA_INET_H 1
| #define HAVE_FCNTL_H 1
| #define HAVE_NETDB_H 1
| #define HAVE_NETINET_IN_H 1
| #define HAVE_STDDEF_H 1
| #define HAVE_STDINT_H 1
| #define HAVE_STDLIB_H 1
| #define HAVE_STRING_H 1
| #define HAVE_SYS_SOCKET_H 1
| #define HAVE_SYS_TIME_H 1
| #define HAVE_UNISTD_H 1
| /* end confdefs.h.  */
| #include <stdio.h>
| #ifdef HAVE_SYS_TYPES_H
| # include <sys/types.h>
| #endif
| #ifdef HAVE_SYS_STAT_H
| # include <sys/stat.h>
| #endif
| #ifdef STDC_HEADERS
| # include <stdlib.h>
| # include <stddef.h>
| #else
| # ifdef HAVE_STDLIB_H
| #  include <stdlib.h>
| # endif
| #endif
| #ifdef HAVE_STRING_H
| # if !defined STDC_HEADERS && defined HAVE_MEMORY_H
| #  include <memory.h>
| # endif
| # include <string.h>
| #endif
| #ifdef HAVE_STRINGS_H
| # include <strings.h>
| #endif
| #ifdef HAVE_INTTYPES_H
| # include <inttypes.h>
| #endif
| #ifdef HAVE_STDINT_H
| # include <stdint.h>
| #endif
| #ifdef HAVE_UNISTD_H
| # include <unistd.h>
| #endif
| int
| main ()
| {
| if (sizeof ((size_t)))
| 	  return 0;
|   ;
|   return 0;
| }
configure:5837: result: yes
configure:5850: checking for uint16_t
configure:5881: gcc -c -g -O2  conftest.c >&5
configure:5888: $? = 0
configure:5909: result: yes
configure:5923: checking for uint32_t
configure:5954: gcc -c -g -O2  conftest.c >&5
configure:5961: $? = 0
configure:5982: result: yes
configure:6000: checking for uint64_t
configure:6031: gcc -c -g -O2  conftest.c >&5
configure:6038: $? = 0
configure:6059: result: yes
configure:6077: checking for uint8_t
configure:6108: gcc -c -g -O2  conftest.c >&5
configure:6115: $? = 0
configure:6136: result: yes
configure:6160: checking for stdlib.h
configure:6167: result: yes
configure:6306: checking for GNU libc compatible malloc
configure:6340: gcc -o conftest -g -O2   conftest.c -lpthread  >&5
configure:6344: $? = 0
configure:6350: ./conftest
configure:6354: $? = 0
configure:6371: result: yes
configure:6408: checking for gettimeofday
configure:6464: gcc -o conftest -g -O2   conftest.c -lpthread  >&5
configure:6471: $? = 0
configure:6493: result: yes
configure:6408: checking for memset
configure:6464: gcc -o conftest -g -O2   conftest.c -lpthread  >&5
conftest.c:58: warning: conflicting types for built-in function 'memset'
configure:6471: $? = 0
configure:6493: result: yes
configure:6408: checking for socket
configure:6464: gcc -o conftest -g -O2   conftest.c -lpthread  >&5
configure:6471: $? = 0
configure:6493: result: yes
configure:6408: checking for strerror
configure:6464: gcc -o conftest -g -O2   conftest.c -lpthread  >&5
configure:6471: $? = 0
configure:6493: result: yes
configure:6408: checking for strstr
configure:6464: gcc -o conftest -g -O2   conftest.c -lpthread  >&5
conftest.c:61: warning: conflicting types for built-in function 'strstr'
configure:6471: $? = 0
configure:6493: result: yes
configure:6408: checking for strtoul
configure:6464: gcc -o conftest -g -O2   conftest.c -lpthread  >&5
configure:6471: $? = 0
configure:6493: result: yes
configure:6630: creating ./config.status

## ---------------------- ##
## Running config.status. ##
## ---------------------- ##

This file was extended by spate config.status 1.0.0, which was
generated by GNU Autoconf 2.63.  Invocation command line was

  CONFIG_FILES    = 
  CONFIG_HEADERS  = 
  CONFIG_LINKS    = 
  CONFIG_COMMANDS = 
  $ ./config.status 

on fargo

config.status:793: creating Makefile
config.status:793: creating src/Makefile
config.status:793: creating man/Makefile
config.status:793: creating config.h
config.status:1015: config.h is unchanged
config.status:1067: executing depfiles commands

## ---------------- ##
## Cache variables. ##
## ---------------- ##

ac_cv_c_compiler_gnu=yes
ac_cv_c_inline=inline
ac_cv_c_int64_t=yes
ac_cv_c_uint16_t=yes
ac_cv_c_uint32_t=yes
ac_cv_c_uint64_t=yes
ac_cv_c_uint8_t=yes
ac_cv_env_CC_set=
ac_cv_env_CC_value=
ac_cv_env_CFLAGS_set=
ac_cv_env_CFLAGS_value=
ac_cv_env_CPPFLAGS_set=
ac_cv_env_CPPFLAGS_value=
ac_cv_env_CPP_set=
ac_cv_env_CPP_value=
ac_cv_env_LDFLAGS_set=
ac_cv_env_LDFLAGS_value=
ac_cv_env_LIBS_set=
ac_cv_env_LIBS_value=
ac_cv_env_build_alias_set=
ac_cv_env_build_alias_value=
ac_cv_env_host_alias_set=
ac_cv_env_host_alias_value=
ac_cv_env_target_alias_set=
ac_cv_env_target_alias_value=
ac_cv_func_gettimeofday=yes
ac_cv_func_malloc_0_nonnull=yes
ac_cv_func_memset=yes
ac_cv_func_socket=yes
ac_cv_func_strerror=yes
ac_cv_func_strstr=yes
ac_cv_func_strtoul=yes
ac_cv_header_arpa_inet_h=yes
ac_cv_header_fcntl_h=yes
ac_cv_header_inttypes_h=yes
ac_cv_header_memory_h=yes
ac_cv_header_netdb_h=yes
ac_cv_header_netinet_in_h=yes
ac_cv_header_stdc=yes
ac_cv_header_stddef_h=yes
ac_cv_header_stdint_h=yes
ac_cv_header_stdlib_h=yes
ac_cv_header_string_h=yes
ac_cv_header_strings_h=yes
ac_cv_header_sys_socket_h=yes
ac_cv_header_sys_stat_h=yes
ac_cv_header_sys_time_h=yes
ac_cv_header_sys_types_h=yes
ac_cv_header_unistd_h=yes
ac_cv_lib_pthread_pthread_create=yes
ac_cv_objext=o
ac_cv_path_EGREP='/bin/grep -E'
ac_cv_path_GREP=/bin/grep
ac_cv_path_install='/usr/bin/install -c'
ac_cv_path_mkdir=/bin/mkdir
ac_cv_prog_AWK=gawk
ac_cv_prog_CPP='gcc -E'
ac_cv_prog_ac_ct_CC=gcc
ac_cv_prog_cc_c89=
ac_cv_prog_cc_g=yes
ac_cv_prog_make_make_set=yes
ac_cv_type_size_t=yes
am_cv_CC_dependencies_compiler_type=gcc3

## ----------------- ##
## Output variables. ##
## ----------------- ##

ACLOCAL='${SHELL} /root/spate-tool/trunk/missing --run aclocal-1.11'
AMDEPBACKSLASH='\'
AMDEP_FALSE='#'
AMDEP_TRUE=''
AMTAR='${SHELL} /root/spate-tool/trunk/missing --run tar'
AUTOCONF='${SHELL} /root/spate-tool/trunk/missing --run autoconf'
AUTOHEADER='${SHELL} /root/spate-tool/trunk/missing --run autoheader'
AUTOMAKE='${SHELL} /root/spate-tool/trunk/missing --run automake-1.11'
AWK='gawk'
CC='gcc'
CCDEPMODE='depmode=gcc3'
CFLAGS='-g -O2'
CPP='gcc -E'
CPPFLAGS=''
CYGPATH_W='echo'
DEFS='-DHAVE_CONFIG_H'
DEPDIR='.deps'
ECHO_C=''
ECHO_N='-n'
ECHO_T=''
EGREP='/bin/grep -E'
EXEEXT=''
GREP='/bin/grep'
INSTALL_DATA='${INSTALL} -m 644'
INSTALL_PROGRAM='${INSTALL}'
INSTALL_SCRIPT='${INSTALL}'
INSTALL_STRIP_PROGRAM='$(install_sh) -c -s'
LDFLAGS=''
LIBOBJS=''
LIBS='-lpthread '
LTLIBOBJS=''
MAKEINFO='${SHELL} /root/spate-tool/trunk/missing --run makeinfo'
MKDIR_P='/bin/mkdir -p'
OBJEXT='o'
PACKAGE='spate'
PACKAGE_BUGREPORT='eddybliznuk@gmail.com'
PACKAGE_NAME='spate'
PACKAGE_STRING='spate 1.0.0'
PACKAGE_TARNAME='spate'
PACKAGE_VERSION='1.0.0'
PATH_SEPARATOR=':'
SET_MAKE=''
SHELL='/bin/sh'
STRIP=''
VERSION='1.0.0'
ac_ct_CC='gcc'
am__EXEEXT_FALSE=''
am__EXEEXT_TRUE='#'
am__fastdepCC_FALSE='#'
am__fastdepCC_TRUE=''
am__include='include'
am__isrc=''
am__leading_dot='.'
am__quote=''
am__tar='${AMTAR} chof - "$$tardir"'
am__untar='${AMTAR} xf -'
bindir='${exec_prefix}/bin'
build_alias=''
datadir='${datarootdir}'
datarootdir='${prefix}/share'
docdir='${datarootdir}/doc/${PACKAGE_TARNAME}'
dvidir='${docdir}'
exec_prefix='${prefix}'
host_alias=''
htmldir='${docdir}'
includedir='${prefix}/include'
infodir='${datarootdir}/info'
install_sh='${SHELL} /root/spate-tool/trunk/install-sh'
libdir='${exec_prefix}/lib'
libexecdir='${exec_prefix}/libexec'
localedir='${datarootdir}/locale'
localstatedir='${prefix}/var'
mandir='${datarootdir}/man'
mkdir_p='/bin/mkdir -p'
oldincludedir='/usr/include'
pdfdir='${docdir}'
prefix='/usr/local'
program_transform_name='s,x,x,'
psdir='${docdir}'
sbindir='${exec_prefix}/sbin'
sharedstatedir='${prefix}/com'
sysconfdir='${prefix}/etc'
target_alias=''

## ----------- ##
## confdefs.h. ##
## ----------- ##

#define PACKAGE_NAME "spate"
#define PACKAGE_TARNAME "spate"
#define PACKAGE_VERSION "1.0.0"
#define PACKAGE_STRING "spate 1.0.0"
#define PACKAGE_BUGREPORT "eddybliznuk@gmail.com"
#define PACKAGE "spate"
#define VERSION "1.0.0"
#define HAVE_LIBPTHREAD 1
#define STDC_HEADERS 1
#define HAVE_SYS_TYPES_H 1
#define HAVE_SYS_STAT_H 1
#define HAVE_STDLIB_H 1
#define HAVE_STRING_H 1
#define HAVE_MEMORY_H 1
#define HAVE_STRINGS_H 1
#define HAVE_INTTYPES_H 1
#define HAVE_STDINT_H 1
#define HAVE_UNISTD_H 1
#define HAVE_ARPA_INET_H 1
#define HAVE_FCNTL_H 1
#define HAVE_NETDB_H 1
#define HAVE_NETINET_IN_H 1
#define HAVE_STDDEF_H 1
#define HAVE_STDINT_H 1
#define HAVE_STDLIB_H 1
#define HAVE_STRING_H 1
#define HAVE_SYS_SOCKET_H 1
#define HAVE_SYS_TIME_H 1
#define HAVE_UNISTD_H 1
#define HAVE_STDLIB_H 1
#define HAVE_MALLOC 1
#define HAVE_GETTIMEOFDAY 1
#define HAVE_MEMSET 1
#define HAVE_SOCKET 1
#define HAVE_STRERROR 1
#define HAVE_STRSTR 1
#define HAVE_STRTOUL 1

configure: exit 0
